# JRE version: Java(TM) SE Runtime Environment (8.0_102-b14) (build 1.8.0_102-b14)
# Java VM: Java HotSpot(TM) 64-Bit Server VM (25.102-b14 mixed mode windows-amd64 compressed oops)
Heap:
 PSYoungGen      total 454144K, used 48134K [0x00000000d6100000, 0x00000000f3080000, 0x0000000100000000)
  eden space 444928K, 8% used [0x00000000d6100000,0x00000000d872d0f8,0x00000000f1380000)
  from space 9216K, 98% used [0x00000000f2780000,0x00000000f3054ac8,0x00000000f3080000)
  to   space 13824K, 0% used [0x00000000f1580000,0x00000000f1580000,0x00000000f2300000)
 ParOldGen       total 82944K, used 47712K [0x0000000082200000, 0x0000000087300000, 0x00000000d6100000)
  object space 82944K, 57% used [0x0000000082200000,0x00000000850980a8,0x0000000087300000)
 Metaspace       used 43562K, capacity 45708K, committed 45864K, reserved 1089536K
  class space    used 5091K, capacity 5834K, committed 5936K, reserved 1048576K
GC Heap History (10 events):
Event: 20.608 GC heap before
{Heap before GC invocations=16 (full 2):
 PSYoungGen      total 184320K, used 174378K [0x00000000d6100000, 0x00000000e7380000, 0x0000000100000000)
  eden space 169984K, 100% used [0x00000000d6100000,0x00000000e0700000,0x00000000e0700000)
  from space 14336K, 30% used [0x00000000e0700000,0x00000000e0b4ab10,0x00000000e1500000)
  to   space 14336K, 0% used [0x00000000e6580000,0x00000000e6580000,0x00000000e7380000)
 ParOldGen       total 82944K, used 36811K [0x0000000082200000, 0x0000000087300000, 0x00000000d6100000)
  object space 82944K, 44% used [0x0000000082200000,0x00000000845f2cb0,0x0000000087300000)
 Metaspace       used 41605K, capacity 43628K, committed 43944K, reserved 1087488K
  class space    used 4823K, capacity 5484K, committed 5552K, reserved 1048576K
Event: 20.620 GC heap after
Heap after GC invocations=16 (full 2):
 PSYoungGen      total 263680K, used 10841K [0x00000000d6100000, 0x00000000e7280000, 0x0000000100000000)
  eden space 250368K, 0% used [0x00000000d6100000,0x00000000d6100000,0x00000000e5580000)
  from space 13312K, 81% used [0x00000000e6580000,0x00000000e7016430,0x00000000e7280000)
  to   space 14848K, 0% used [0x00000000e5580000,0x00000000e5580000,0x00000000e6400000)
 ParOldGen       total 82944K, used 38236K [0x0000000082200000, 0x0000000087300000, 0x00000000d6100000)
  object space 82944K, 46% used [0x0000000082200000,0x0000000084757380,0x0000000087300000)
 Metaspace       used 41605K, capacity 43628K, committed 43944K, reserved 1087488K
  class space    used 4823K, capacity 5484K, committed 5552K, reserved 1048576K
}
Event: 21.315 GC heap before
{Heap before GC invocations=17 (full 2):
 PSYoungGen      total 263680K, used 261209K [0x00000000d6100000, 0x00000000e7280000, 0x0000000100000000)
  eden space 250368K, 100% used [0x00000000d6100000,0x00000000e5580000,0x00000000e5580000)
  from space 13312K, 81% used [0x00000000e6580000,0x00000000e7016430,0x00000000e7280000)
  to   space 14848K, 0% used [0x00000000e5580000,0x00000000e5580000,0x00000000e6400000)
 ParOldGen       total 82944K, used 38236K [0x0000000082200000, 0x0000000087300000, 0x00000000d6100000)
  object space 82944K, 46% used [0x0000000082200000,0x0000000084757380,0x0000000087300000)
 Metaspace       used 41637K, capacity 43698K, committed 43944K, reserved 1087488K
  class space    used 4828K, capacity 5485K, committed 5552K, reserved 1048576K
Event: 21.329 GC heap after
Heap after GC invocations=17 (full 2):
 PSYoungGen      total 265216K, used 4330K [0x00000000d6100000, 0x00000000ee180000, 0x0000000100000000)
  eden space 250368K, 0% used [0x00000000d6100000,0x00000000d6100000,0x00000000e5580000)
  from space 14848K, 29% used [0x00000000e5580000,0x00000000e59bab10,0x00000000e6400000)
  to   space 14848K, 0% used [0x00000000ed300000,0x00000000ed300000,0x00000000ee180000)
 ParOldGen       total 82944K, used 38284K [0x0000000082200000, 0x0000000087300000, 0x00000000d6100000)
  object space 82944K, 46% used [0x0000000082200000,0x00000000847632b0,0x0000000087300000)
 Metaspace       used 41637K, capacity 43698K, committed 43944K, reserved 1087488K
  class space    used 4828K, capacity 5485K, committed 5552K, reserved 1048576K
}
Event: 23.077 GC heap before
{Heap before GC invocations=18 (full 2):
 PSYoungGen      total 265216K, used 254698K [0x00000000d6100000, 0x00000000ee180000, 0x0000000100000000)
  eden space 250368K, 100% used [0x00000000d6100000,0x00000000e5580000,0x00000000e5580000)
  from space 14848K, 29% used [0x00000000e5580000,0x00000000e59bab10,0x00000000e6400000)
  to   space 14848K, 0% used [0x00000000ed300000,0x00000000ed300000,0x00000000ee180000)
 ParOldGen       total 82944K, used 38284K [0x0000000082200000, 0x0000000087300000, 0x00000000d6100000)
  object space 82944K, 46% used [0x0000000082200000,0x00000000847632b0,0x0000000087300000)
 Metaspace       used 41796K, capacity 43774K, committed 43944K, reserved 1087488K
  class space    used 4836K, capacity 5487K, committed 5552K, reserved 1048576K
Event: 23.084 GC heap after
Heap after GC invocations=18 (full 2):
 PSYoungGen      total 364544K, used 7940K [0x00000000d6100000, 0x00000000edb00000, 0x0000000100000000)
  eden space 356352K, 0% used [0x00000000d6100000,0x00000000d6100000,0x00000000ebd00000)
  from space 8192K, 96% used [0x00000000ed300000,0x00000000edac1208,0x00000000edb00000)
  to   space 14336K, 0% used [0x00000000ebf00000,0x00000000ebf00000,0x00000000ecd00000)
 ParOldGen       total 82944K, used 38633K [0x0000000082200000, 0x0000000087300000, 0x00000000d6100000)
  object space 82944K, 46% used [0x0000000082200000,0x00000000847ba680,0x0000000087300000)
 Metaspace       used 41796K, capacity 43774K, committed 43944K, reserved 1087488K
  class space    used 4836K, capacity 5487K, committed 5552K, reserved 1048576K
}
Event: 24.032 GC heap before
{Heap before GC invocations=19 (full 2):
 PSYoungGen      total 364544K, used 364292K [0x00000000d6100000, 0x00000000edb00000, 0x0000000100000000)
  eden space 356352K, 100% used [0x00000000d6100000,0x00000000ebd00000,0x00000000ebd00000)
  from space 8192K, 96% used [0x00000000ed300000,0x00000000edac1208,0x00000000edb00000)
  to   space 14336K, 0% used [0x00000000ebf00000,0x00000000ebf00000,0x00000000ecd00000)
 ParOldGen       total 82944K, used 38633K [0x0000000082200000, 0x0000000087300000, 0x00000000d6100000)
  object space 82944K, 46% used [0x0000000082200000,0x00000000847ba680,0x0000000087300000)
 Metaspace       used 41937K, capacity 43940K, committed 44200K, reserved 1087488K
  class space    used 4846K, capacity 5525K, committed 5552K, reserved 1048576K
Event: 24.043 GC heap after
Heap after GC invocations=19 (full 2):
 PSYoungGen      total 372736K, used 7884K [0x00000000d6100000, 0x00000000f3500000, 0x0000000100000000)
  eden space 358400K, 0% used [0x00000000d6100000,0x00000000d6100000,0x00000000ebf00000)
  from space 14336K, 54% used [0x00000000ebf00000,0x00000000ec6b3048,0x00000000ecd00000)
  to   space 13824K, 0% used [0x00000000f2780000,0x00000000f2780000,0x00000000f3500000)
 ParOldGen       total 82944K, used 45439K [0x0000000082200000, 0x0000000087300000, 0x00000000d6100000)
  object space 82944K, 54% used [0x0000000082200000,0x0000000084e5fdd8,0x0000000087300000)
 Metaspace       used 41937K, capacity 43940K, committed 44200K, reserved 1087488K
  class space    used 4846K, capacity 5525K, committed 5552K, reserved 1048576K
}
Event: 28.622 GC heap before
{Heap before GC invocations=20 (full 2):
 PSYoungGen      total 372736K, used 366164K [0x00000000d6100000, 0x00000000f3500000, 0x0000000100000000)
  eden space 358400K, 99% used [0x00000000d6100000,0x00000000ebee2140,0x00000000ebf00000)
  from space 14336K, 54% used [0x00000000ebf00000,0x00000000ec6b3048,0x00000000ecd00000)
  to   space 13824K, 0% used [0x00000000f2780000,0x00000000f2780000,0x00000000f3500000)
 ParOldGen       total 82944K, used 45439K [0x0000000082200000, 0x0000000087300000, 0x00000000d6100000)
  object space 82944K, 54% used [0x0000000082200000,0x0000000084e5fdd8,0x0000000087300000)
 Metaspace       used 43322K, capacity 45454K, committed 45480K, reserved 1089536K
  class space    used 5067K, capacity 5796K, committed 5808K, reserved 1048576K
Event: 28.629 GC heap after
Heap after GC invocations=20 (full 2):
 PSYoungGen      total 454144K, used 9042K [0x00000000d6100000, 0x00000000f3080000, 0x0000000100000000)
  eden space 444928K, 0% used [0x00000000d6100000,0x00000000d6100000,0x00000000f1380000)
  from space 9216K, 98% used [0x00000000f2780000,0x00000000f3054ac8,0x00000000f3080000)
  to   space 13824K, 0% used [0x00000000f1580000,0x00000000f1580000,0x00000000f2300000)
 ParOldGen       total 82944K, used 47712K [0x0000000082200000, 0x0000000087300000, 0x00000000d6100000)
  object space 82944K, 57% used [0x0000000082200000,0x00000000850980a8,0x0000000087300000)
 Metaspace       used 43322K, capacity 45454K, committed 45480K, reserved 1089536K
  class space    used 5067K, capacity 5796K, committed 5808K, reserved 1048576K
}

